<?xml version="1.0" encoding="UTF-8"?>
<robot generator="Robot 5.0.1 (Python 3.10.5 on win32)" generated="20230702 07:57:47.445" rpa="false" schemaversion="3">
<suite id="s1" name="testDemo2" source="C:\Users\luiz_\Documents\Github\RobotFrameWork_Studies\tests\testDemo2.robot">
<test id="s1-t1" name="Validate UnSucessful Login" line="14">
<kw name="open the browser with the url" library="Generic" type="SETUP">
<kw name="Create Webdriver" library="SeleniumLibrary">
<arg>${browser_name}</arg>
<arg>executable_path=C:/webdrivers/${browser_name}</arg>
<doc>Creates an instance of Selenium WebDriver.</doc>
<msg timestamp="20230702 07:57:49.364" level="INFO">Creating an instance of the Firefox WebDriver.</msg>
<status status="PASS" starttime="20230702 07:57:49.363" endtime="20230702 07:57:58.645"/>
</kw>
<kw name="Go To" library="SeleniumLibrary">
<arg>${url}</arg>
<doc>Navigates the current browser window to the provided ``url``.</doc>
<msg timestamp="20230702 07:57:58.646" level="INFO">Opening url 'https://rahulshettyacademy.com/loginpagePractise/'</msg>
<status status="PASS" starttime="20230702 07:57:58.645" endtime="20230702 07:57:59.941"/>
</kw>
<status status="PASS" starttime="20230702 07:57:49.363" endtime="20230702 07:57:59.942"/>
</kw>
<kw name="Fill the login Form">
<arg>${user_name}</arg>
<arg>${invalid_password}</arg>
<kw name="Input Text" library="SeleniumLibrary">
<arg>id:username</arg>
<arg>${user_name}</arg>
<doc>Types the given ``text`` into the text field identified by ``locator``.</doc>
<msg timestamp="20230702 07:57:59.945" level="INFO">Typing text 'rahulshettyacademy' into text field 'id:username'.</msg>
<status status="PASS" starttime="20230702 07:57:59.944" endtime="20230702 07:58:00.117"/>
</kw>
<kw name="Input Password" library="SeleniumLibrary">
<arg>id:password</arg>
<arg>${password}</arg>
<doc>Types the given password into the text field identified by ``locator``.</doc>
<msg timestamp="20230702 07:58:00.118" level="INFO">Typing password into text field 'id:password'.</msg>
<msg timestamp="20230702 07:58:00.128" level="INFO">Temporally setting log level to: NONE</msg>
<msg timestamp="20230702 07:58:00.157" level="INFO">Log level changed from NONE to INFO.</msg>
<status status="PASS" starttime="20230702 07:58:00.117" endtime="20230702 07:58:00.158"/>
</kw>
<kw name="Click Button" library="SeleniumLibrary">
<arg>id:signInBtn</arg>
<doc>Clicks the button identified by ``locator``.</doc>
<msg timestamp="20230702 07:58:00.159" level="INFO">Clicking button 'id:signInBtn'.</msg>
<status status="PASS" starttime="20230702 07:58:00.158" endtime="20230702 07:58:00.412"/>
</kw>
<status status="PASS" starttime="20230702 07:57:59.942" endtime="20230702 07:58:00.412"/>
</kw>
<kw name="wait until element is located in the page">
<arg>${Error_Message_Login}</arg>
<kw name="Wait Until Element Is Visible" library="SeleniumLibrary">
<arg>${element}</arg>
<doc>Waits until the element ``locator`` is visible.</doc>
<status status="PASS" starttime="20230702 07:58:00.418" endtime="20230702 07:58:02.326"/>
</kw>
<status status="PASS" starttime="20230702 07:58:00.417" endtime="20230702 07:58:02.326"/>
</kw>
<kw name="verify error message is correct">
<kw name="Element Text Should Be" library="SeleniumLibrary">
<arg>${Error_Message_Login}</arg>
<arg>Incorrect username/password.</arg>
<doc>Verifies that element ``locator`` contains exact the text ``expected``.</doc>
<msg timestamp="20230702 07:58:02.329" level="INFO">Verifying element 'css:.alert-danger' contains exact text 'Incorrect username/password.'.</msg>
<status status="PASS" starttime="20230702 07:58:02.328" endtime="20230702 07:58:02.415"/>
</kw>
<status status="PASS" starttime="20230702 07:58:02.327" endtime="20230702 07:58:02.416"/>
</kw>
<kw name="Close Browser session" library="Generic" type="TEARDOWN">
<kw name="Close Browser" library="SeleniumLibrary">
<doc>Closes the current browser.</doc>
<status status="PASS" starttime="20230702 07:58:02.426" endtime="20230702 07:58:03.675"/>
</kw>
<status status="PASS" starttime="20230702 07:58:02.425" endtime="20230702 07:58:03.675"/>
</kw>
<tag>SMOKE</tag>
<status status="PASS" starttime="20230702 07:57:49.358" endtime="20230702 07:58:03.676"/>
</test>
<test id="s1-t2" name="validade Cards display in the Shipping Page" line="20">
<kw name="open the browser with the url" library="Generic" type="SETUP">
<kw name="Create Webdriver" library="SeleniumLibrary">
<arg>${browser_name}</arg>
<arg>executable_path=C:/webdrivers/${browser_name}</arg>
<doc>Creates an instance of Selenium WebDriver.</doc>
<msg timestamp="20230702 07:58:03.680" level="INFO">Creating an instance of the Firefox WebDriver.</msg>
<status status="PASS" starttime="20230702 07:58:03.680" endtime="20230702 07:58:10.920"/>
</kw>
<kw name="Go To" library="SeleniumLibrary">
<arg>${url}</arg>
<doc>Navigates the current browser window to the provided ``url``.</doc>
<msg timestamp="20230702 07:58:10.921" level="INFO">Opening url 'https://rahulshettyacademy.com/loginpagePractise/'</msg>
<status status="PASS" starttime="20230702 07:58:10.920" endtime="20230702 07:58:12.578"/>
</kw>
<status status="PASS" starttime="20230702 07:58:03.679" endtime="20230702 07:58:12.578"/>
</kw>
<kw name="Fill the login Form">
<arg>${user_name}</arg>
<arg>${valid_password}</arg>
<kw name="Input Text" library="SeleniumLibrary">
<arg>id:username</arg>
<arg>${user_name}</arg>
<doc>Types the given ``text`` into the text field identified by ``locator``.</doc>
<msg timestamp="20230702 07:58:12.620" level="INFO">Typing text 'rahulshettyacademy' into text field 'id:username'.</msg>
<status status="PASS" starttime="20230702 07:58:12.619" endtime="20230702 07:58:12.973"/>
</kw>
<kw name="Input Password" library="SeleniumLibrary">
<arg>id:password</arg>
<arg>${password}</arg>
<doc>Types the given password into the text field identified by ``locator``.</doc>
<msg timestamp="20230702 07:58:12.974" level="INFO">Typing password into text field 'id:password'.</msg>
<msg timestamp="20230702 07:58:13.014" level="INFO">Temporally setting log level to: NONE</msg>
<msg timestamp="20230702 07:58:13.043" level="INFO">Log level changed from NONE to INFO.</msg>
<status status="PASS" starttime="20230702 07:58:12.973" endtime="20230702 07:58:13.043"/>
</kw>
<kw name="Click Button" library="SeleniumLibrary">
<arg>id:signInBtn</arg>
<doc>Clicks the button identified by ``locator``.</doc>
<msg timestamp="20230702 07:58:13.044" level="INFO">Clicking button 'id:signInBtn'.</msg>
<status status="PASS" starttime="20230702 07:58:13.043" endtime="20230702 07:58:13.335"/>
</kw>
<status status="PASS" starttime="20230702 07:58:12.617" endtime="20230702 07:58:13.336"/>
</kw>
<kw name="wait until element is located in the page">
<arg>${Shop_page_load}</arg>
<kw name="Wait Until Element Is Visible" library="SeleniumLibrary">
<arg>${element}</arg>
<doc>Waits until the element ``locator`` is visible.</doc>
<status status="PASS" starttime="20230702 07:58:13.338" endtime="20230702 07:58:17.580"/>
</kw>
<status status="PASS" starttime="20230702 07:58:13.337" endtime="20230702 07:58:17.580"/>
</kw>
<kw name="Verify card titles in the Shop page">
<kw name="Create List" library="BuiltIn">
<var>@{expectedList}</var>
<arg>iphone X</arg>
<arg>Samsung Note 8</arg>
<arg>Nokia Edge</arg>
<arg>Blackberry</arg>
<doc>Returns a list containing given items.</doc>
<msg timestamp="20230702 07:58:17.583" level="INFO">@{expectedList} = [ iphone X | Samsung Note 8 | Nokia Edge | Blackberry ]</msg>
<status status="PASS" starttime="20230702 07:58:17.582" endtime="20230702 07:58:17.583"/>
</kw>
<kw name="Get WebElements" library="SeleniumLibrary">
<var>${elements}</var>
<arg>css:.card-title</arg>
<doc>Returns a list of WebElement objects matching the ``locator``.</doc>
<msg timestamp="20230702 07:58:17.847" level="INFO">${elements} = [&lt;selenium.webdriver.remote.webelement.WebElement (session="d1be568e-601c-43fc-bac7-b51c896556a0", element="e0a78a13-cd2e-4e7d-95b1-f105140d93a0")&gt;, &lt;selenium.webdriver.remote.webelement.WebElement (s...</msg>
<status status="PASS" starttime="20230702 07:58:17.584" endtime="20230702 07:58:17.847"/>
</kw>
<kw name="Create List" library="BuiltIn">
<var>@{actualList}</var>
<doc>Returns a list containing given items.</doc>
<msg timestamp="20230702 07:58:17.848" level="INFO">@{actualList} = [ ]</msg>
<status status="PASS" starttime="20230702 07:58:17.847" endtime="20230702 07:58:17.848"/>
</kw>
<for flavor="IN">
<var>${element}</var>
<value>@{elements}</value>
<iter>
<var name="${element}">&lt;selenium.webdriver.remote.webelement.WebElement (session="d1be568e-601c-43fc-bac7-b51c896556a0", element="e0a78a13-cd2e-4e7d-95b1-f105140d93a0")&gt;</var>
<kw name="Log" library="BuiltIn">
<arg>${element.text}</arg>
<doc>Logs the given message with the given level.</doc>
<msg timestamp="20230702 07:58:18.788" level="INFO">iphone X</msg>
<status status="PASS" starttime="20230702 07:58:17.850" endtime="20230702 07:58:18.788"/>
</kw>
<kw name="Append To List" library="Collections">
<arg>${actualList}</arg>
<arg>${element.text}</arg>
<doc>Adds ``values`` to the end of ``list``.</doc>
<status status="PASS" starttime="20230702 07:58:18.788" endtime="20230702 07:58:18.988"/>
</kw>
<status status="PASS" starttime="20230702 07:58:17.850" endtime="20230702 07:58:18.989"/>
</iter>
<iter>
<var name="${element}">&lt;selenium.webdriver.remote.webelement.WebElement (session="d1be568e-601c-43fc-bac7-b51c896556a0", element="8fcf2e5d-b661-4147-b667-31a7dea798cd")&gt;</var>
<kw name="Log" library="BuiltIn">
<arg>${element.text}</arg>
<doc>Logs the given message with the given level.</doc>
<msg timestamp="20230702 07:58:19.384" level="INFO">Samsung Note 8</msg>
<status status="PASS" starttime="20230702 07:58:18.989" endtime="20230702 07:58:19.385"/>
</kw>
<kw name="Append To List" library="Collections">
<arg>${actualList}</arg>
<arg>${element.text}</arg>
<doc>Adds ``values`` to the end of ``list``.</doc>
<status status="PASS" starttime="20230702 07:58:19.385" endtime="20230702 07:58:19.491"/>
</kw>
<status status="PASS" starttime="20230702 07:58:18.989" endtime="20230702 07:58:19.491"/>
</iter>
<iter>
<var name="${element}">&lt;selenium.webdriver.remote.webelement.WebElement (session="d1be568e-601c-43fc-bac7-b51c896556a0", element="adf263b0-11a9-41aa-856b-290e8ac42a6a")&gt;</var>
<kw name="Log" library="BuiltIn">
<arg>${element.text}</arg>
<doc>Logs the given message with the given level.</doc>
<msg timestamp="20230702 07:58:19.506" level="INFO">Nokia Edge</msg>
<status status="PASS" starttime="20230702 07:58:19.492" endtime="20230702 07:58:19.506"/>
</kw>
<kw name="Append To List" library="Collections">
<arg>${actualList}</arg>
<arg>${element.text}</arg>
<doc>Adds ``values`` to the end of ``list``.</doc>
<status status="PASS" starttime="20230702 07:58:19.506" endtime="20230702 07:58:19.516"/>
</kw>
<status status="PASS" starttime="20230702 07:58:19.492" endtime="20230702 07:58:19.516"/>
</iter>
<iter>
<var name="${element}">&lt;selenium.webdriver.remote.webelement.WebElement (session="d1be568e-601c-43fc-bac7-b51c896556a0", element="e73da1f9-f1d2-4d89-b5a4-3a1e3bc8b197")&gt;</var>
<kw name="Log" library="BuiltIn">
<arg>${element.text}</arg>
<doc>Logs the given message with the given level.</doc>
<msg timestamp="20230702 07:58:19.529" level="INFO">Blackberry</msg>
<status status="PASS" starttime="20230702 07:58:19.517" endtime="20230702 07:58:19.529"/>
</kw>
<kw name="Append To List" library="Collections">
<arg>${actualList}</arg>
<arg>${element.text}</arg>
<doc>Adds ``values`` to the end of ``list``.</doc>
<status status="PASS" starttime="20230702 07:58:19.529" endtime="20230702 07:58:19.562"/>
</kw>
<status status="PASS" starttime="20230702 07:58:19.517" endtime="20230702 07:58:19.562"/>
</iter>
<status status="PASS" starttime="20230702 07:58:17.848" endtime="20230702 07:58:19.562"/>
</for>
<kw name="Lists Should Be Equal" library="Collections">
<arg>${expectedList}</arg>
<arg>${actualList}</arg>
<doc>Fails if given lists are unequal.</doc>
<status status="PASS" starttime="20230702 07:58:19.562" endtime="20230702 07:58:19.563"/>
</kw>
<status status="PASS" starttime="20230702 07:58:17.581" endtime="20230702 07:58:19.563"/>
</kw>
<kw name="Select the Card">
<arg>Blackberry</arg>
<kw name="Get WebElements" library="SeleniumLibrary">
<var>${elements}</var>
<arg>css:.card-title</arg>
<doc>Returns a list of WebElement objects matching the ``locator``.</doc>
<msg timestamp="20230702 07:58:19.643" level="INFO">${elements} = [&lt;selenium.webdriver.remote.webelement.WebElement (session="d1be568e-601c-43fc-bac7-b51c896556a0", element="e0a78a13-cd2e-4e7d-95b1-f105140d93a0")&gt;, &lt;selenium.webdriver.remote.webelement.WebElement (s...</msg>
<status status="PASS" starttime="20230702 07:58:19.565" endtime="20230702 07:58:19.643"/>
</kw>
<kw name="Set Variable" library="BuiltIn">
<var>${index}</var>
<arg>1</arg>
<doc>Returns the given values which can then be assigned to a variables.</doc>
<msg timestamp="20230702 07:58:19.644" level="INFO">${index} = 1</msg>
<status status="PASS" starttime="20230702 07:58:19.644" endtime="20230702 07:58:19.644"/>
</kw>
<for flavor="IN">
<var>${element}</var>
<value>@{elements}</value>
<iter>
<var name="${element}">&lt;selenium.webdriver.remote.webelement.WebElement (session="d1be568e-601c-43fc-bac7-b51c896556a0", element="e0a78a13-cd2e-4e7d-95b1-f105140d93a0")&gt;</var>
<kw name="Exit For Loop If" library="BuiltIn">
<arg>"${cardName}" == "${element.text}"</arg>
<doc>Stops executing the enclosing FOR loop if the ``condition`` is true.</doc>
<status status="PASS" starttime="20230702 07:58:19.645" endtime="20230702 07:58:19.702"/>
</kw>
<kw name="Evaluate" library="BuiltIn">
<var>${index}</var>
<arg>${index} + 1</arg>
<doc>Evaluates the given expression in Python and returns the result.</doc>
<msg timestamp="20230702 07:58:19.704" level="INFO">${index} = 2</msg>
<status status="PASS" starttime="20230702 07:58:19.703" endtime="20230702 07:58:19.704"/>
</kw>
<status status="PASS" starttime="20230702 07:58:19.645" endtime="20230702 07:58:19.704"/>
</iter>
<iter>
<var name="${element}">&lt;selenium.webdriver.remote.webelement.WebElement (session="d1be568e-601c-43fc-bac7-b51c896556a0", element="8fcf2e5d-b661-4147-b667-31a7dea798cd")&gt;</var>
<kw name="Exit For Loop If" library="BuiltIn">
<arg>"${cardName}" == "${element.text}"</arg>
<doc>Stops executing the enclosing FOR loop if the ``condition`` is true.</doc>
<status status="PASS" starttime="20230702 07:58:19.705" endtime="20230702 07:58:19.803"/>
</kw>
<kw name="Evaluate" library="BuiltIn">
<var>${index}</var>
<arg>${index} + 1</arg>
<doc>Evaluates the given expression in Python and returns the result.</doc>
<msg timestamp="20230702 07:58:19.804" level="INFO">${index} = 3</msg>
<status status="PASS" starttime="20230702 07:58:19.803" endtime="20230702 07:58:19.804"/>
</kw>
<status status="PASS" starttime="20230702 07:58:19.704" endtime="20230702 07:58:19.804"/>
</iter>
<iter>
<var name="${element}">&lt;selenium.webdriver.remote.webelement.WebElement (session="d1be568e-601c-43fc-bac7-b51c896556a0", element="adf263b0-11a9-41aa-856b-290e8ac42a6a")&gt;</var>
<kw name="Exit For Loop If" library="BuiltIn">
<arg>"${cardName}" == "${element.text}"</arg>
<doc>Stops executing the enclosing FOR loop if the ``condition`` is true.</doc>
<status status="PASS" starttime="20230702 07:58:19.805" endtime="20230702 07:58:20.021"/>
</kw>
<kw name="Evaluate" library="BuiltIn">
<var>${index}</var>
<arg>${index} + 1</arg>
<doc>Evaluates the given expression in Python and returns the result.</doc>
<msg timestamp="20230702 07:58:20.024" level="INFO">${index} = 4</msg>
<status status="PASS" starttime="20230702 07:58:20.022" endtime="20230702 07:58:20.024"/>
</kw>
<status status="PASS" starttime="20230702 07:58:19.804" endtime="20230702 07:58:20.024"/>
</iter>
<iter>
<var name="${element}">&lt;selenium.webdriver.remote.webelement.WebElement (session="d1be568e-601c-43fc-bac7-b51c896556a0", element="e73da1f9-f1d2-4d89-b5a4-3a1e3bc8b197")&gt;</var>
<kw name="Exit For Loop If" library="BuiltIn">
<arg>"${cardName}" == "${element.text}"</arg>
<doc>Stops executing the enclosing FOR loop if the ``condition`` is true.</doc>
<msg timestamp="20230702 07:58:20.199" level="INFO">Exiting for loop altogether.</msg>
<status status="PASS" starttime="20230702 07:58:20.025" endtime="20230702 07:58:20.202"/>
</kw>
<kw name="Evaluate" library="BuiltIn">
<var>${index}</var>
<arg>${index} + 1</arg>
<doc>Evaluates the given expression in Python and returns the result.</doc>
<status status="NOT RUN" starttime="20230702 07:58:20.202" endtime="20230702 07:58:20.202"/>
</kw>
<status status="PASS" starttime="20230702 07:58:20.024" endtime="20230702 07:58:20.203"/>
</iter>
<status status="PASS" starttime="20230702 07:58:19.644" endtime="20230702 07:58:20.203"/>
</for>
<kw name="Click Button" library="SeleniumLibrary">
<arg>xpath:(//*[@class='card-footer'])[${index}]/button</arg>
<doc>Clicks the button identified by ``locator``.</doc>
<msg timestamp="20230702 07:58:20.204" level="INFO">Clicking button 'xpath:(//*[@class='card-footer'])[4]/button'.</msg>
<status status="PASS" starttime="20230702 07:58:20.203" endtime="20230702 07:58:21.909"/>
</kw>
<status status="PASS" starttime="20230702 07:58:19.564" endtime="20230702 07:58:21.909"/>
</kw>
<kw name="Close Browser session" library="Generic" type="TEARDOWN">
<kw name="Close Browser" library="SeleniumLibrary">
<doc>Closes the current browser.</doc>
<status status="PASS" starttime="20230702 07:58:21.914" endtime="20230702 07:58:31.420"/>
</kw>
<status status="PASS" starttime="20230702 07:58:21.913" endtime="20230702 07:58:31.421"/>
</kw>
<status status="PASS" starttime="20230702 07:58:03.678" endtime="20230702 07:58:31.427"/>
</test>
<test id="s1-t3" name="Select the Form and navigate to Child window" line="26">
<kw name="open the browser with the url" library="Generic" type="SETUP">
<kw name="Create Webdriver" library="SeleniumLibrary">
<arg>${browser_name}</arg>
<arg>executable_path=C:/webdrivers/${browser_name}</arg>
<doc>Creates an instance of Selenium WebDriver.</doc>
<msg timestamp="20230702 07:58:31.432" level="INFO">Creating an instance of the Firefox WebDriver.</msg>
<status status="PASS" starttime="20230702 07:58:31.431" endtime="20230702 07:58:43.412"/>
</kw>
<kw name="Go To" library="SeleniumLibrary">
<arg>${url}</arg>
<doc>Navigates the current browser window to the provided ``url``.</doc>
<msg timestamp="20230702 07:58:43.413" level="INFO">Opening url 'https://rahulshettyacademy.com/loginpagePractise/'</msg>
<status status="PASS" starttime="20230702 07:58:43.412" endtime="20230702 07:58:46.181"/>
</kw>
<status status="PASS" starttime="20230702 07:58:31.431" endtime="20230702 07:58:46.181"/>
</kw>
<kw name="fill the Login Details and Form">
<kw name="Input Text" library="SeleniumLibrary">
<arg>id:username</arg>
<arg>rahulshettyacademy</arg>
<doc>Types the given ``text`` into the text field identified by ``locator``.</doc>
<msg timestamp="20230702 07:58:46.191" level="INFO">Typing text 'rahulshettyacademy' into text field 'id:username'.</msg>
<status status="PASS" starttime="20230702 07:58:46.190" endtime="20230702 07:58:46.327"/>
</kw>
<kw name="Input Password" library="SeleniumLibrary">
<arg>id:password</arg>
<arg>learning</arg>
<doc>Types the given password into the text field identified by ``locator``.</doc>
<msg timestamp="20230702 07:58:46.328" level="INFO">Typing password into text field 'id:password'.</msg>
<msg timestamp="20230702 07:58:46.338" level="INFO">Temporally setting log level to: NONE</msg>
<msg timestamp="20230702 07:58:46.359" level="INFO">Log level changed from NONE to INFO.</msg>
<status status="PASS" starttime="20230702 07:58:46.327" endtime="20230702 07:58:46.359"/>
</kw>
<kw name="Click Element" library="SeleniumLibrary">
<arg>css:input[value='user']</arg>
<doc>Click the element identified by ``locator``.</doc>
<msg timestamp="20230702 07:58:46.360" level="INFO">Clicking element 'css:input[value='user']'.</msg>
<status status="PASS" starttime="20230702 07:58:46.360" endtime="20230702 07:58:46.624"/>
</kw>
<kw name="Wait Until Element Is Visible" library="SeleniumLibrary">
<arg>css:.modal-body</arg>
<doc>Waits until the element ``locator`` is visible.</doc>
<status status="PASS" starttime="20230702 07:58:46.624" endtime="20230702 07:58:46.663"/>
</kw>
<kw name="Click Button" library="SeleniumLibrary">
<arg>id:okayBtn</arg>
<doc>Clicks the button identified by ``locator``.</doc>
<msg timestamp="20230702 07:58:46.664" level="INFO">Clicking button 'id:okayBtn'.</msg>
<status status="PASS" starttime="20230702 07:58:46.663" endtime="20230702 07:58:46.909"/>
</kw>
<kw name="Wait Until Element Is Not Visible" library="SeleniumLibrary">
<arg>css:.modal-body</arg>
<doc>Waits until the element ``locator`` is not visible.</doc>
<msg timestamp="20230702 07:58:52.214" level="INFO" html="true">&lt;/td&gt;&lt;/tr&gt;&lt;tr&gt;&lt;td colspan="3"&gt;&lt;a href="selenium-screenshot-24.png"&gt;&lt;img src="selenium-screenshot-24.png" width="800px"&gt;&lt;/a&gt;</msg>
<msg timestamp="20230702 07:58:52.215" level="FAIL">Element 'css:.modal-body' still visible after 5 seconds.</msg>
<status status="FAIL" starttime="20230702 07:58:46.909" endtime="20230702 07:58:52.259"/>
</kw>
<kw name="Select From List By Value" library="SeleniumLibrary">
<arg>css:select.form-control</arg>
<arg>teach</arg>
<doc>Selects options from selection list ``locator`` by ``values``.</doc>
<status status="NOT RUN" starttime="20230702 07:58:52.260" endtime="20230702 07:58:52.260"/>
</kw>
<kw name="Select Checkbox" library="SeleniumLibrary">
<arg>terms</arg>
<doc>Selects the checkbox identified by ``locator``.</doc>
<status status="NOT RUN" starttime="20230702 07:58:52.260" endtime="20230702 07:58:52.260"/>
</kw>
<kw name="Checkbox Should Be Selected" library="SeleniumLibrary">
<arg>terms</arg>
<doc>Verifies checkbox ``locator`` is selected/checked.</doc>
<status status="NOT RUN" starttime="20230702 07:58:52.260" endtime="20230702 07:58:52.261"/>
</kw>
<status status="FAIL" starttime="20230702 07:58:46.189" endtime="20230702 07:58:52.262"/>
</kw>
<kw name="Close Browser session" library="Generic" type="TEARDOWN">
<kw name="Close Browser" library="SeleniumLibrary">
<doc>Closes the current browser.</doc>
<status status="PASS" starttime="20230702 07:58:52.273" endtime="20230702 07:58:55.768"/>
</kw>
<status status="PASS" starttime="20230702 07:58:52.272" endtime="20230702 07:58:55.768"/>
</kw>
<status status="FAIL" starttime="20230702 07:58:31.429" endtime="20230702 07:58:55.792">Element 'css:.modal-body' still visible after 5 seconds.</status>
</test>
<doc>To validade the Login form</doc>
<status status="FAIL" starttime="20230702 07:57:47.451" endtime="20230702 07:58:55.794"/>
</suite>
<statistics>
<total>
<stat pass="2" fail="1" skip="0">All Tests</stat>
</total>
<tag>
<stat pass="1" fail="0" skip="0">SMOKE</stat>
</tag>
<suite>
<stat pass="2" fail="1" skip="0" id="s1" name="testDemo2">testDemo2</stat>
</suite>
</statistics>
<errors>
</errors>
</robot>
