<?xml version="1.0" encoding="UTF-8"?>
<robot generator="Robot 5.0.1 (Python 3.10.5 on win32)" generated="20220912 16:45:47.362" rpa="false" schemaversion="3">
<suite id="s1" name="testDemo7" source="C:\Users\luiz_\Documents\RobotFramework\tests\testDemo7.robot">
<test id="s1-t1" name="Play around with Dictionary" line="10">
<kw name="Create Dictionary" library="BuiltIn">
<var>&amp;{data}</var>
<arg>name=rahulshetty</arg>
<arg>course=robot</arg>
<arg>website=rahushettyacademy.com</arg>
<doc>Creates and returns a dictionary based on the given ``items``.</doc>
<msg timestamp="20220912 16:45:47.413" level="INFO">&amp;{data} = { name=rahulshetty | course=robot | website=rahushettyacademy.com }</msg>
<status status="PASS" starttime="20220912 16:45:47.412" endtime="20220912 16:45:47.413"/>
</kw>
<kw name="Log" library="BuiltIn">
<arg>${data}</arg>
<doc>Logs the given message with the given level.</doc>
<msg timestamp="20220912 16:45:47.414" level="INFO">{'name': 'rahulshetty', 'course': 'robot', 'website': 'rahushettyacademy.com'}</msg>
<status status="PASS" starttime="20220912 16:45:47.413" endtime="20220912 16:45:47.414"/>
</kw>
<kw name="Dictionary Should Contain Key" library="Collections">
<arg>${data}</arg>
<arg>name</arg>
<doc>Fails if ``key`` is not found from ``dictionary``.</doc>
<status status="PASS" starttime="20220912 16:45:47.414" endtime="20220912 16:45:47.414"/>
</kw>
<kw name="Log" library="BuiltIn">
<arg>${data}[name]</arg>
<doc>Logs the given message with the given level.</doc>
<msg timestamp="20220912 16:45:47.415" level="INFO">rahulshetty</msg>
<status status="PASS" starttime="20220912 16:45:47.415" endtime="20220912 16:45:47.415"/>
</kw>
<kw name="Get From Dictionary" library="Collections">
<var>${url}</var>
<arg>${data}</arg>
<arg>website</arg>
<doc>Returns a value from the given ``dictionary`` based on the given ``key``.</doc>
<msg timestamp="20220912 16:45:47.415" level="INFO">${url} = rahushettyacademy.com</msg>
<status status="PASS" starttime="20220912 16:45:47.415" endtime="20220912 16:45:47.415"/>
</kw>
<kw name="Log" library="BuiltIn">
<arg>${url}</arg>
<doc>Logs the given message with the given level.</doc>
<msg timestamp="20220912 16:45:47.416" level="INFO">rahushettyacademy.com</msg>
<status status="PASS" starttime="20220912 16:45:47.416" endtime="20220912 16:45:47.416"/>
</kw>
<status status="PASS" starttime="20220912 16:45:47.411" endtime="20220912 16:45:47.417"/>
</test>
<test id="s1-t2" name="Add Book into Library DataBase" line="18">
<kw name="Create Dictionary" library="BuiltIn">
<var>&amp;{req_body}</var>
<arg>name=RobotFrameWork</arg>
<arg>isbn=984353 aisle=324353</arg>
<arg>author=nai</arg>
<doc>Creates and returns a dictionary based on the given ``items``.</doc>
<msg timestamp="20220912 16:45:47.419" level="INFO">&amp;{req_body} = { name=RobotFrameWork | isbn=984353 aisle=324353 | author=nai }</msg>
<status status="PASS" starttime="20220912 16:45:47.418" endtime="20220912 16:45:47.419"/>
</kw>
<kw name="POST">
<arg>${base_url}/Library/Addbook.php</arg>
<arg>json=${req_body}</arg>
<arg>expected_status=200</arg>
<msg timestamp="20220912 16:45:47.422" level="FAIL">No keyword with name 'POST' found.</msg>
<status status="FAIL" starttime="20220912 16:45:47.422" endtime="20220912 16:45:47.423"/>
</kw>
<status status="FAIL" starttime="20220912 16:45:47.418" endtime="20220912 16:45:47.424">No keyword with name 'POST' found.</status>
</test>
<status status="FAIL" starttime="20220912 16:45:47.364" endtime="20220912 16:45:47.426"/>
</suite>
<statistics>
<total>
<stat pass="1" fail="1" skip="0">All Tests</stat>
</total>
<tag>
</tag>
<suite>
<stat pass="1" fail="1" skip="0" id="s1" name="testDemo7">testDemo7</stat>
</suite>
</statistics>
<errors>
<msg timestamp="20220912 16:45:47.399" level="ERROR">Error in file 'C:\Users\luiz_\Documents\RobotFramework\tests\testDemo7.robot' on line 2: Importing library 'RequestLibrary' failed: ModuleNotFoundError: No module named 'RequestLibrary'
Traceback (most recent call last):
  None
PYTHONPATH:
  C:\Python310\Scripts\robot.exe
  C:\Python310\python310.zip
  C:\Python310\DLLs
  C:\Python310\lib
  C:\Python310
  C:\Users\luiz_\AppData\Roaming\Python\Python310\site-packages
  C:\Python310\lib\site-packages</msg>
</errors>
</robot>
